SF:lib/domain/entities/holiday_entity.dart
DA:17,2
DA:27,1
DA:28,1
DA:30,2
DA:32,0
DA:33,0
DA:34,0
DA:35,0
DA:36,0
DA:37,0
DA:38,0
DA:39,0
DA:40,0
DA:45,1
DA:46,1
DA:48,2
DA:49,3
DA:50,3
DA:51,1
DA:54,2
DA:55,3
DA:57,1
DA:58,1
DA:59,1
DA:60,1
DA:63,1
DA:66,1
DA:74,1
DA:75,2
DA:76,1
DA:78,3
DA:79,3
DA:80,3
DA:85,1
DA:86,2
DA:87,1
DA:89,1
DA:92,1
DA:93,2
DA:94,3
DA:103,1
LF:41
LH:32
end_of_record
SF:lib/domain/entities/holiday_entity.g.dart
DA:9,1
DA:10,1
DA:11,1
DA:12,1
DA:13,1
DA:14,1
DA:15,1
DA:16,1
DA:17,4
DA:20,1
DA:21,1
DA:22,1
DA:23,1
DA:24,1
DA:25,1
DA:26,1
DA:27,1
DA:28,1
LF:18
LH:18
end_of_record
SF:lib/core/common/shared/app_pipes.dart
DA:12,0
DA:13,0
DA:14,0
DA:15,0
DA:16,0
DA:23,0
DA:25,0
LF:7
LH:0
end_of_record
